<?xml version="1.0" encoding="UTF-8"?>
<testng-results skipped="0" failed="0" total="2" passed="2">
  <reporter-output>
  </reporter-output>
  <suite name="Command line suite" duration-ms="1224" started-at="2016-02-01T06:13:06Z" finished-at="2016-02-01T06:13:07Z">
    <groups>
    </groups>
    <test name="Command line test" duration-ms="1224" started-at="2016-02-01T06:13:06Z" finished-at="2016-02-01T06:13:07Z">
      <class name="com.finder.FinderServiceTest">
        <test-method status="PASS" signature="springTestContextBeforeTestClass()[pri:0, instance:com.finder.FinderServiceTest@80169cf]" name="springTestContextBeforeTestClass" is-config="true" duration-ms="1" started-at="2016-02-01T01:13:06Z" finished-at="2016-02-01T01:13:06Z">
          <reporter-output>
          </reporter-output>
        </test-method> <!-- springTestContextBeforeTestClass -->
        <test-method status="PASS" signature="springTestContextPrepareTestInstance()[pri:0, instance:com.finder.FinderServiceTest@80169cf]" name="springTestContextPrepareTestInstance" is-config="true" duration-ms="1168" started-at="2016-02-01T01:13:06Z" depends-on-methods="org.springframework.test.context.testng.AbstractTestNGSpringContextTests.springTestContextBeforeTestClass" finished-at="2016-02-01T01:13:07Z">
          <reporter-output>
          </reporter-output>
        </test-method> <!-- springTestContextPrepareTestInstance -->
        <test-method status="PASS" signature="springTestContextBeforeTestMethod(java.lang.reflect.Method)[pri:0, instance:com.finder.FinderServiceTest@80169cf]" name="springTestContextBeforeTestMethod" is-config="true" duration-ms="1" started-at="2016-02-01T01:13:07Z" finished-at="2016-02-01T01:13:07Z">
          <params>
            <param index="0">
              <value>
                <![CDATA[public void com.finder.FinderServiceTest.getLocationFromFileTest() throws java.io.IOException,org.codehaus.jettison.json.JSONException]]>
              </value>
            </param>
          </params>
          <reporter-output>
          </reporter-output>
        </test-method> <!-- springTestContextBeforeTestMethod -->
        <test-method status="PASS" signature="getLocationFromFileTest()[pri:0, instance:com.finder.FinderServiceTest@80169cf]" name="getLocationFromFileTest" duration-ms="21" started-at="2016-02-01T01:13:07Z" finished-at="2016-02-01T01:13:07Z">
          <reporter-output>
          </reporter-output>
        </test-method> <!-- getLocationFromFileTest -->
        <test-method status="PASS" signature="springTestContextAfterTestMethod(java.lang.reflect.Method)[pri:0, instance:com.finder.FinderServiceTest@80169cf]" name="springTestContextAfterTestMethod" is-config="true" duration-ms="3" started-at="2016-02-01T01:13:07Z" finished-at="2016-02-01T01:13:07Z">
          <params>
            <param index="0">
              <value>
                <![CDATA[public void com.finder.FinderServiceTest.getLocationFromFileTest() throws java.io.IOException,org.codehaus.jettison.json.JSONException]]>
              </value>
            </param>
          </params>
          <reporter-output>
          </reporter-output>
        </test-method> <!-- springTestContextAfterTestMethod -->
        <test-method status="PASS" signature="springTestContextAfterTestClass()[pri:0, instance:com.finder.FinderServiceTest@80169cf]" name="springTestContextAfterTestClass" is-config="true" duration-ms="0" started-at="2016-02-01T01:13:07Z" finished-at="2016-02-01T01:13:07Z">
          <reporter-output>
          </reporter-output>
        </test-method> <!-- springTestContextAfterTestClass -->
      </class> <!-- com.finder.FinderServiceTest -->
      <class name="com.finder.AppTest">
        <test-method status="PASS" signature="testApp()[pri:0, instance:com.finder.AppTest@4516af24]" name="testApp" duration-ms="9" started-at="2016-02-01T01:13:06Z" finished-at="2016-02-01T01:13:06Z">
          <reporter-output>
          </reporter-output>
        </test-method> <!-- testApp -->
      </class> <!-- com.finder.AppTest -->
    </test> <!-- Command line test -->
  </suite> <!-- Command line suite -->
</testng-results>
