<?xml version="1.0" encoding="UTF-8"?>
<testng-results skipped="0" failed="0" total="1" passed="1">
  <reporter-output>
  </reporter-output>
  <suite name="Default suite" duration-ms="944" started-at="2016-02-01T06:00:30Z" finished-at="2016-02-01T06:00:31Z">
    <groups>
    </groups>
    <test name="Default test" duration-ms="944" started-at="2016-02-01T06:00:30Z" finished-at="2016-02-01T06:00:31Z">
      <class name="com.finder.FinderServiceTest">
        <test-method status="PASS" signature="springTestContextBeforeTestClass()[pri:0, instance:com.finder.FinderServiceTest@7761c32f]" name="springTestContextBeforeTestClass" is-config="true" duration-ms="9" started-at="2016-02-01T01:00:30Z" finished-at="2016-02-01T01:00:30Z">
          <reporter-output>
          </reporter-output>
        </test-method> <!-- springTestContextBeforeTestClass -->
        <test-method status="PASS" signature="springTestContextPrepareTestInstance()[pri:0, instance:com.finder.FinderServiceTest@7761c32f]" name="springTestContextPrepareTestInstance" is-config="true" duration-ms="897" started-at="2016-02-01T01:00:30Z" depends-on-methods="org.springframework.test.context.testng.AbstractTestNGSpringContextTests.springTestContextBeforeTestClass" finished-at="2016-02-01T01:00:31Z">
          <reporter-output>
          </reporter-output>
        </test-method> <!-- springTestContextPrepareTestInstance -->
        <test-method status="PASS" signature="springTestContextBeforeTestMethod(java.lang.reflect.Method)[pri:0, instance:com.finder.FinderServiceTest@7761c32f]" name="springTestContextBeforeTestMethod" is-config="true" duration-ms="1" started-at="2016-02-01T01:00:31Z" finished-at="2016-02-01T01:00:31Z">
          <params>
            <param index="0">
              <value>
                <![CDATA[public void com.finder.FinderServiceTest.getLocationFromFileTest() throws java.io.IOException,org.codehaus.jettison.json.JSONException]]>
              </value>
            </param>
          </params>
          <reporter-output>
          </reporter-output>
        </test-method> <!-- springTestContextBeforeTestMethod -->
        <test-method status="PASS" signature="getLocationFromFileTest()[pri:0, instance:com.finder.FinderServiceTest@7761c32f]" name="getLocationFromFileTest" duration-ms="18" started-at="2016-02-01T01:00:31Z" finished-at="2016-02-01T01:00:31Z">
          <reporter-output>
          </reporter-output>
        </test-method> <!-- getLocationFromFileTest -->
        <test-method status="PASS" signature="springTestContextAfterTestMethod(java.lang.reflect.Method)[pri:0, instance:com.finder.FinderServiceTest@7761c32f]" name="springTestContextAfterTestMethod" is-config="true" duration-ms="3" started-at="2016-02-01T01:00:31Z" finished-at="2016-02-01T01:00:31Z">
          <params>
            <param index="0">
              <value>
                <![CDATA[public void com.finder.FinderServiceTest.getLocationFromFileTest() throws java.io.IOException,org.codehaus.jettison.json.JSONException]]>
              </value>
            </param>
          </params>
          <reporter-output>
          </reporter-output>
        </test-method> <!-- springTestContextAfterTestMethod -->
        <test-method status="PASS" signature="springTestContextAfterTestClass()[pri:0, instance:com.finder.FinderServiceTest@7761c32f]" name="springTestContextAfterTestClass" is-config="true" duration-ms="1" started-at="2016-02-01T01:00:31Z" finished-at="2016-02-01T01:00:31Z">
          <reporter-output>
          </reporter-output>
        </test-method> <!-- springTestContextAfterTestClass -->
      </class> <!-- com.finder.FinderServiceTest -->
    </test> <!-- Default test -->
  </suite> <!-- Default suite -->
</testng-results>
